2021-05-29 09:31:23.924 [info] <0.44.0> Application logger started on node nonode@nohost
2021-05-29 09:31:23.926 [info] <0.44.0> Application gen_stage started on node nonode@nohost
2021-05-29 09:31:23.926 [info] <0.44.0> Application telemetry started on node nonode@nohost
2021-05-29 09:31:23.926 [info] <0.44.0> Application broadway started on node nonode@nohost
2021-05-29 09:31:23.926 [info] <0.44.0> Application xmerl started on node nonode@nohost
2021-05-29 09:31:23.933 [info] <0.44.0> Application sasl started on node nonode@nohost
2021-05-29 09:31:23.933 [info] <0.44.0> Application tools started on node nonode@nohost
2021-05-29 09:31:23.933 [info] <0.44.0> Application jsx started on node nonode@nohost
2021-05-29 09:31:23.933 [info] <0.44.0> Application recon started on node nonode@nohost
2021-05-29 09:31:23.989 [info] <0.44.0> Application credentials_obfuscation started on node nonode@nohost
2021-05-29 09:31:23.989 [info] <0.44.0> Application rabbit_common started on node nonode@nohost
2021-05-29 09:31:23.996 [info] <0.44.0> Application amqp_client started on node nonode@nohost
2021-05-29 09:31:23.996 [info] <0.44.0> Application amqp started on node nonode@nohost
2021-05-29 09:31:23.996 [info] <0.44.0> Application nimble_options started on node nonode@nohost
2021-05-29 09:31:23.996 [info] <0.44.0> Application broadway_rabbitmq started on node nonode@nohost
2021-05-29 09:31:23.996 [info] <0.44.0> Application tickets started on node nonode@nohost
2021-05-29 09:33:40.836 [info] <0.44.0> Application logger started on node nonode@nohost
2021-05-29 09:33:40.837 [info] <0.44.0> Application gen_stage started on node nonode@nohost
2021-05-29 09:33:40.837 [info] <0.44.0> Application telemetry started on node nonode@nohost
2021-05-29 09:33:40.839 [info] <0.44.0> Application broadway started on node nonode@nohost
2021-05-29 09:33:40.839 [info] <0.44.0> Application xmerl started on node nonode@nohost
2021-05-29 09:33:40.842 [info] <0.44.0> Application sasl started on node nonode@nohost
2021-05-29 09:33:40.842 [info] <0.44.0> Application tools started on node nonode@nohost
2021-05-29 09:33:40.842 [info] <0.44.0> Application jsx started on node nonode@nohost
2021-05-29 09:33:40.843 [info] <0.44.0> Application recon started on node nonode@nohost
2021-05-29 09:33:40.880 [info] <0.44.0> Application credentials_obfuscation started on node nonode@nohost
2021-05-29 09:33:40.880 [info] <0.44.0> Application rabbit_common started on node nonode@nohost
2021-05-29 09:33:40.885 [info] <0.44.0> Application amqp_client started on node nonode@nohost
2021-05-29 09:33:40.886 [info] <0.44.0> Application amqp started on node nonode@nohost
2021-05-29 09:33:40.886 [info] <0.44.0> Application nimble_options started on node nonode@nohost
2021-05-29 09:33:40.886 [info] <0.44.0> Application broadway_rabbitmq started on node nonode@nohost
2021-05-29 09:33:40.886 [info] <0.44.0> Application tickets started on node nonode@nohost
2021-05-29 09:37:47.726 [info] <0.44.0> Application logger started on node nonode@nohost
2021-05-29 09:37:47.728 [info] <0.44.0> Application gen_stage started on node nonode@nohost
2021-05-29 09:37:47.728 [info] <0.44.0> Application telemetry started on node nonode@nohost
2021-05-29 09:37:47.730 [info] <0.44.0> Application broadway started on node nonode@nohost
2021-05-29 09:37:47.730 [info] <0.44.0> Application xmerl started on node nonode@nohost
2021-05-29 09:37:47.733 [info] <0.44.0> Application sasl started on node nonode@nohost
2021-05-29 09:37:47.733 [info] <0.44.0> Application tools started on node nonode@nohost
2021-05-29 09:37:47.733 [info] <0.44.0> Application jsx started on node nonode@nohost
2021-05-29 09:37:47.733 [info] <0.44.0> Application recon started on node nonode@nohost
2021-05-29 09:37:47.770 [info] <0.44.0> Application credentials_obfuscation started on node nonode@nohost
2021-05-29 09:37:47.770 [info] <0.44.0> Application rabbit_common started on node nonode@nohost
2021-05-29 09:37:47.775 [info] <0.44.0> Application amqp_client started on node nonode@nohost
2021-05-29 09:37:47.777 [info] <0.44.0> Application amqp started on node nonode@nohost
2021-05-29 09:37:47.777 [info] <0.44.0> Application nimble_options started on node nonode@nohost
2021-05-29 09:37:47.777 [info] <0.44.0> Application broadway_rabbitmq started on node nonode@nohost
2021-05-29 09:37:47.777 [info] <0.44.0> Application tickets started on node nonode@nohost
2021-05-29 09:40:19.159 [info] <0.44.0> Application logger started on node nonode@nohost
2021-05-29 09:40:19.160 [info] <0.44.0> Application gen_stage started on node nonode@nohost
2021-05-29 09:40:19.160 [info] <0.44.0> Application telemetry started on node nonode@nohost
2021-05-29 09:40:19.162 [info] <0.44.0> Application broadway started on node nonode@nohost
2021-05-29 09:40:19.162 [info] <0.44.0> Application xmerl started on node nonode@nohost
2021-05-29 09:40:19.166 [info] <0.44.0> Application sasl started on node nonode@nohost
2021-05-29 09:40:19.166 [info] <0.44.0> Application tools started on node nonode@nohost
2021-05-29 09:40:19.166 [info] <0.44.0> Application jsx started on node nonode@nohost
2021-05-29 09:40:19.166 [info] <0.44.0> Application recon started on node nonode@nohost
2021-05-29 09:40:19.203 [info] <0.44.0> Application credentials_obfuscation started on node nonode@nohost
2021-05-29 09:40:19.203 [info] <0.44.0> Application rabbit_common started on node nonode@nohost
2021-05-29 09:40:19.207 [info] <0.44.0> Application amqp_client started on node nonode@nohost
2021-05-29 09:40:19.209 [info] <0.44.0> Application amqp started on node nonode@nohost
2021-05-29 09:40:19.209 [info] <0.44.0> Application nimble_options started on node nonode@nohost
2021-05-29 09:40:19.209 [info] <0.44.0> Application broadway_rabbitmq started on node nonode@nohost
2021-05-29 09:40:19.229 [info] <0.44.0> Application tickets started on node nonode@nohost
2021-05-29 13:06:44.613 [info] <0.44.0> Application logger started on node nonode@nohost
2021-05-29 13:06:44.614 [info] <0.44.0> Application gen_stage started on node nonode@nohost
2021-05-29 13:06:44.614 [info] <0.44.0> Application telemetry started on node nonode@nohost
2021-05-29 13:06:44.616 [info] <0.44.0> Application broadway started on node nonode@nohost
2021-05-29 13:06:44.616 [info] <0.44.0> Application xmerl started on node nonode@nohost
2021-05-29 13:06:44.620 [info] <0.44.0> Application sasl started on node nonode@nohost
2021-05-29 13:06:44.620 [info] <0.44.0> Application tools started on node nonode@nohost
2021-05-29 13:06:44.620 [info] <0.44.0> Application jsx started on node nonode@nohost
2021-05-29 13:06:44.620 [info] <0.44.0> Application recon started on node nonode@nohost
2021-05-29 13:06:44.656 [info] <0.44.0> Application credentials_obfuscation started on node nonode@nohost
2021-05-29 13:06:44.656 [info] <0.44.0> Application rabbit_common started on node nonode@nohost
2021-05-29 13:06:44.660 [info] <0.44.0> Application amqp_client started on node nonode@nohost
2021-05-29 13:06:44.662 [info] <0.44.0> Application amqp started on node nonode@nohost
2021-05-29 13:06:44.662 [info] <0.44.0> Application nimble_options started on node nonode@nohost
2021-05-29 13:06:44.662 [info] <0.44.0> Application broadway_rabbitmq started on node nonode@nohost
2021-05-29 13:06:44.683 [info] <0.44.0> Application tickets started on node nonode@nohost
2021-05-29 13:12:49.535 [info] <0.44.0> Application logger started on node nonode@nohost
2021-05-29 13:12:49.536 [info] <0.44.0> Application gen_stage started on node nonode@nohost
2021-05-29 13:12:49.536 [info] <0.44.0> Application telemetry started on node nonode@nohost
2021-05-29 13:12:49.538 [info] <0.44.0> Application broadway started on node nonode@nohost
2021-05-29 13:12:49.538 [info] <0.44.0> Application xmerl started on node nonode@nohost
2021-05-29 13:12:49.542 [info] <0.44.0> Application sasl started on node nonode@nohost
2021-05-29 13:12:49.542 [info] <0.44.0> Application tools started on node nonode@nohost
2021-05-29 13:12:49.542 [info] <0.44.0> Application jsx started on node nonode@nohost
2021-05-29 13:12:49.542 [info] <0.44.0> Application recon started on node nonode@nohost
2021-05-29 13:12:49.586 [info] <0.44.0> Application credentials_obfuscation started on node nonode@nohost
2021-05-29 13:12:49.586 [info] <0.44.0> Application rabbit_common started on node nonode@nohost
2021-05-29 13:12:49.590 [info] <0.44.0> Application amqp_client started on node nonode@nohost
2021-05-29 13:12:49.592 [info] <0.44.0> Application amqp started on node nonode@nohost
2021-05-29 13:12:49.592 [info] <0.44.0> Application nimble_options started on node nonode@nohost
2021-05-29 13:12:49.592 [info] <0.44.0> Application broadway_rabbitmq started on node nonode@nohost
2021-05-29 13:12:49.615 [info] <0.44.0> Application tickets started on node nonode@nohost
2021-05-29 13:13:15.951 [info] <0.44.0> Application logger started on node nonode@nohost
2021-05-29 13:13:15.953 [info] <0.44.0> Application gen_stage started on node nonode@nohost
2021-05-29 13:13:15.953 [info] <0.44.0> Application telemetry started on node nonode@nohost
2021-05-29 13:13:15.955 [info] <0.44.0> Application broadway started on node nonode@nohost
2021-05-29 13:13:15.955 [info] <0.44.0> Application xmerl started on node nonode@nohost
2021-05-29 13:13:15.958 [info] <0.44.0> Application sasl started on node nonode@nohost
2021-05-29 13:13:15.958 [info] <0.44.0> Application tools started on node nonode@nohost
2021-05-29 13:13:15.958 [info] <0.44.0> Application jsx started on node nonode@nohost
2021-05-29 13:13:15.958 [info] <0.44.0> Application recon started on node nonode@nohost
2021-05-29 13:13:15.997 [info] <0.44.0> Application credentials_obfuscation started on node nonode@nohost
2021-05-29 13:13:15.997 [info] <0.44.0> Application rabbit_common started on node nonode@nohost
2021-05-29 13:13:16.002 [info] <0.44.0> Application amqp_client started on node nonode@nohost
2021-05-29 13:13:16.004 [info] <0.44.0> Application amqp started on node nonode@nohost
2021-05-29 13:13:16.004 [info] <0.44.0> Application nimble_options started on node nonode@nohost
2021-05-29 13:13:16.004 [info] <0.44.0> Application broadway_rabbitmq started on node nonode@nohost
2021-05-29 13:13:16.024 [info] <0.44.0> Application tickets started on node nonode@nohost
